libuvccamera/build/intermediates/manifest_merge_blame_file/debug/manifest-merger-blame-debug-report.txt
1<?xml version="1.0" encoding="utf-8"?>
2<!--
3  ~  UVCCamera
4  ~  library and sample to access to UVC web camera on non-rooted Android device
5  ~
6  ~ Copyright (c) 2014-2017 saki t_saki@serenegiant.com
7  ~
8  ~  Licensed under the Apache License, Version 2.0 (the "License");
9  ~  you may not use this file except in compliance with the License.
10  ~   You may obtain a copy of the License at
11  ~
12  ~      http://www.apache.org/licenses/LICENSE-2.0
13  ~
14  ~   Unless required by applicable law or agreed to in writing, software
15  ~   distributed under the License is distributed on an "AS IS" BASIS,
16  ~   WITHOUT WARRANTIES OR CONDITIONS OF ANY KIND, either express or implied.
17  ~   See the License for the specific language governing permissions and
18  ~   limitations under the License.
19  ~
20  ~  All files in the folder are under this Apache License, Version 2.0.
21  ~  Files in the libjpeg-turbo, libusb, libuvc, rapidjson folder
22  ~  may have a different license, see the respective files.
23-->
24<manifest xmlns:android="http://schemas.android.com/apk/res/android"
25    package="com.serenegiant.uvccamera" >
26
27    <uses-sdk android:minSdkVersion="18" />
27-->src\main\AndroidManifest.xml
28
29    <uses-permission android:name="android.permission.CAMERA" />
29-->src\main\AndroidManifest.xml:28:5-65
29-->src\main\AndroidManifest.xml:28:22-62
30    <uses-permission android:name="android.permission.RECORD_AUDIO" />
30-->src\main\AndroidManifest.xml:29:5-71
30-->src\main\AndroidManifest.xml:29:22-68
31    <uses-permission android:name="android.permission.MANAGE_EXTERNAL_STORAGE" />
31-->src\main\AndroidManifest.xml:30:5-82
31-->src\main\AndroidManifest.xml:30:22-79
32    <uses-permission android:name="android.permission.READ_EXTERNAL_STORAGE" />
32-->src\main\AndroidManifest.xml:31:5-80
32-->src\main\AndroidManifest.xml:31:22-77
33    <uses-permission android:name="android.permission.WRITE_EXTERNAL_STORAGE" />
33-->src\main\AndroidManifest.xml:32:5-81
33-->src\main\AndroidManifest.xml:32:22-78
34    <uses-permission android:name="android.permission.FOREGROUND_SERVICE" />
34-->src\main\AndroidManifest.xml:33:5-77
34-->src\main\AndroidManifest.xml:33:22-74
35
36    <uses-feature android:name="android.hardware.usb.host" />
36-->src\main\AndroidManifest.xml:35:5-62
36-->src\main\AndroidManifest.xml:35:19-59
37    <uses-feature
37-->src\main\AndroidManifest.xml:37:5-39:35
38        android:glEsVersion="0x00020000"
38-->src\main\AndroidManifest.xml:38:9-41
39        android:required="true" />
39-->src\main\AndroidManifest.xml:39:9-32
40
41    <application>
41-->src\main\AndroidManifest.xml:40:5-41:19
42    </application>
43
44</manifest>